<?xml version="1.0" encoding="UTF-8"?>
<!-- Generated by org.testng.reporters.JUnitReportReporter -->
<testsuite skipped="0" hostname="DESKTOP-NJE8PCK" name="ecommerce.Automation" tests="4" failures="0" timestamp="2022-10-11T09:43:37 IST" time="92.005" errors="0">
  <testcase name="LaunchFirefox" time="4.023" classname="ecommerce.Automation"/>
  <testcase name="LaunchChrome" time="2.034" classname="ecommerce.Automation"/>
  <testcase name="firefox" time="61.876" classname="ecommerce.Automation"/>
  <testcase name="f" time="24.072" classname="ecommerce.Automation"/>
</testsuite> <!-- ecommerce.Automation -->
